{"/Users/jaredthomas/Desktop/class/code_testing/react/app/components/Home.js": {"path":"/Users/jaredthomas/Desktop/class/code_testing/react/app/components/Home.js","statementMap":{"0":{"start":{"line":12,"column":4},"end":{"line":17,"column":6}},"1":{"start":{"line":14,"column":27},"end":{"line":14,"column":41}}},"fnMap":{"0":{"name":"(anonymous_0)","decl":{"start":{"line":8,"column":2},"end":{"line":8,"column":3}},"loc":{"start":{"line":8,"column":11},"end":{"line":18,"column":3}},"line":8},"1":{"name":"(anonymous_1)","decl":{"start":{"line":14,"column":21},"end":{"line":14,"column":22}},"loc":{"start":{"line":14,"column":27},"end":{"line":14,"column":41}},"line":14}},"branchMap":{},"s":{"0":5,"1":1},"f":{"0":5,"1":1},"b":{},"_coverageSchema":"332fd63041d2c1bcb487cc26dd0d5f7d97098a6c","hash":"28361c2363032266428d701af923450c74df98de"}
}
