{"/Users/jaredthomas/Desktop/class/testing/react/app/components/Home.js": {"path":"/Users/jaredthomas/Desktop/class/testing/react/app/components/Home.js","statementMap":{"0":{"start":{"line":9,"column":4},"end":{"line":9,"column":17}},"1":{"start":{"line":10,"column":4},"end":{"line":12,"column":6}},"2":{"start":{"line":15,"column":4},"end":{"line":22,"column":7}},"3":{"start":{"line":21,"column":6},"end":{"line":21,"column":39}},"4":{"start":{"line":25,"column":4},"end":{"line":25,"column":31}},"5":{"start":{"line":28,"column":4},"end":{"line":40,"column":6}},"6":{"start":{"line":30,"column":27},"end":{"line":30,"column":41}},"7":{"start":{"line":34,"column":12},"end":{"line":36,"column":13}}},"fnMap":{"0":{"name":"(anonymous_0)","decl":{"start":{"line":8,"column":2},"end":{"line":8,"column":3}},"loc":{"start":{"line":8,"column":21},"end":{"line":13,"column":3}},"line":8},"1":{"name":"(anonymous_1)","decl":{"start":{"line":14,"column":2},"end":{"line":14,"column":3}},"loc":{"start":{"line":14,"column":14},"end":{"line":23,"column":3}},"line":14},"2":{"name":"(anonymous_2)","decl":{"start":{"line":20,"column":12},"end":{"line":20,"column":13}},"loc":{"start":{"line":20,"column":25},"end":{"line":22,"column":5}},"line":20},"3":{"name":"(anonymous_3)","decl":{"start":{"line":24,"column":2},"end":{"line":24,"column":3}},"loc":{"start":{"line":24,"column":22},"end":{"line":26,"column":3}},"line":24},"4":{"name":"(anonymous_4)","decl":{"start":{"line":27,"column":2},"end":{"line":27,"column":3}},"loc":{"start":{"line":27,"column":11},"end":{"line":41,"column":3}},"line":27},"5":{"name":"(anonymous_5)","decl":{"start":{"line":30,"column":21},"end":{"line":30,"column":22}},"loc":{"start":{"line":30,"column":27},"end":{"line":30,"column":41}},"line":30},"6":{"name":"(anonymous_6)","decl":{"start":{"line":33,"column":54},"end":{"line":33,"column":55}},"loc":{"start":{"line":33,"column":70},"end":{"line":37,"column":11}},"line":33}},"branchMap":{"0":{"loc":{"start":{"line":33,"column":10},"end":{"line":37,"column":26}},"type":"cond-expr","locations":[{"start":{"line":33,"column":31},"end":{"line":37,"column":12}},{"start":{"line":37,"column":15},"end":{"line":37,"column":26}}],"line":33}},"s":{"0":10,"1":10,"2":2,"3":2,"4":10,"5":12,"6":1,"7":3},"f":{"0":10,"1":2,"2":2,"3":10,"4":12,"5":1,"6":3},"b":{"0":[11,1]},"_coverageSchema":"332fd63041d2c1bcb487cc26dd0d5f7d97098a6c","hash":"86ae8761970e2d1a6c06cf089c017d2c5fcbfc10"}
,"/Users/jaredthomas/Desktop/class/testing/react/tests/db/messages.js": {"path":"/Users/jaredthomas/Desktop/class/testing/react/tests/db/messages.js","statementMap":{"0":{"start":{"line":1,"column":13},"end":{"line":10,"column":2}},"1":{"start":{"line":12,"column":0},"end":{"line":14,"column":1}},"2":{"start":{"line":13,"column":2},"end":{"line":13,"column":27}}},"fnMap":{"0":{"name":"(anonymous_0)","decl":{"start":{"line":12,"column":17},"end":{"line":12,"column":18}},"loc":{"start":{"line":12,"column":29},"end":{"line":14,"column":1}},"line":12}},"branchMap":{},"s":{"0":1,"1":1,"2":1},"f":{"0":1},"b":{},"_coverageSchema":"332fd63041d2c1bcb487cc26dd0d5f7d97098a6c","hash":"38137bf0bab1fcf59c19c893c3acbb4681dcdd60"}
}
