TN:
SF:/Users/jaredthomas/Desktop/class/testing/react/app/components/Home.js
FN:8,(anonymous_0)
FN:14,(anonymous_1)
FN:20,(anonymous_2)
FN:24,(anonymous_3)
FN:27,(anonymous_4)
FN:30,(anonymous_5)
FN:33,(anonymous_6)
FNF:7
FNH:7
FNDA:10,(anonymous_0)
FNDA:2,(anonymous_1)
FNDA:2,(anonymous_2)
FNDA:10,(anonymous_3)
FNDA:12,(anonymous_4)
FNDA:1,(anonymous_5)
FNDA:3,(anonymous_6)
DA:9,10
DA:10,10
DA:15,2
DA:21,2
DA:25,10
DA:28,12
DA:30,1
DA:34,3
LF:8
LH:8
BRDA:33,0,0,11
BRDA:33,0,1,1
BRF:2
BRH:2
end_of_record
